[2024-08-26 10:35:29.706] [bm] [info] Params: run_name          sampleN20
[2024-08-26 10:35:29.706] [bm] [info] Params: input_data        ../Data/sampleN20.dat
[2024-08-26 10:35:29.706] [bm] [info] Params: input_init_guess  ../Results_Metropolis/sampleN20_j_min_7.05e-04_h_min_5.80e-04_t_eq_3000
[2024-08-26 10:35:29.706] [bm] [info] Params: output_data       ../Results_Metropolis/sampleN20_j_min_7.05e-04_h_min_5.80e-04_t_eq_3000.json
[2024-08-26 10:35:29.706] [bm] [info] Params: output_err        ../Results_Metropolis/err_sampleN20_j_min_7.05e-04_h_min_5.80e-04_t_eq_3000.txt
[2024-08-26 10:35:29.706] [bm] [info] Params: use_exact         false
[2024-08-26 10:35:29.706] [bm] [info] Params: iter_display      100
[2024-08-26 10:35:29.706] [bm] [info] Params: iter_max          150000
[2024-08-26 10:35:29.706] [bm] [info] Params: eta_J             0.05
[2024-08-26 10:35:29.706] [bm] [info] Params: eta_h             0.03
[2024-08-26 10:35:29.706] [bm] [info] Params: min_err_S         0.00058
[2024-08-26 10:35:29.706] [bm] [info] Params: min_err_SS        0.000705
[2024-08-26 10:35:29.706] [bm] [info] Params: n_rep             40
[2024-08-26 10:35:29.706] [bm] [info] Params: t_eq              9000
[2024-08-26 10:35:29.706] [bm] [info] Params: t_meas            270000
[2024-08-26 10:35:29.711] [bm] [info] read_tidy_data: read from ../Data/sampleN20.dat
[2024-08-26 10:35:29.711] [bm] [info] read_tidy_data: n_spins: 19, n_samples: 114641
[2024-08-26 10:35:30.137] [bm] [info] main: using metropolis
[2024-08-26 10:36:18.931] [bm] [info] main: sampleN20 iter=100 err_S=3.564891E-03 err_SS=1.989276E-03
[2024-08-26 10:37:07.836] [bm] [info] main: sampleN20 iter=200 err_S=3.196136E-03 err_SS=1.724936E-03
[2024-08-26 10:37:56.984] [bm] [info] main: sampleN20 iter=300 err_S=3.098797E-03 err_SS=1.523298E-03
[2024-08-26 10:38:45.901] [bm] [info] main: sampleN20 iter=400 err_S=2.755165E-03 err_SS=1.936222E-03
[2024-08-26 10:39:34.864] [bm] [info] main: sampleN20 iter=500 err_S=2.452984E-03 err_SS=1.802461E-03
[2024-08-26 10:40:23.694] [bm] [info] main: sampleN20 iter=600 err_S=2.725444E-03 err_SS=1.549860E-03
[2024-08-26 10:41:13.037] [bm] [info] main: sampleN20 iter=700 err_S=2.621664E-03 err_SS=1.181548E-03
[2024-08-26 10:42:01.937] [bm] [info] main: sampleN20 iter=800 err_S=2.615442E-03 err_SS=1.680237E-03
[2024-08-26 10:42:50.765] [bm] [info] main: sampleN20 iter=900 err_S=2.881413E-03 err_SS=1.876040E-03
[2024-08-26 10:43:39.725] [bm] [info] main: sampleN20 iter=1000 err_S=2.417543E-03 err_SS=1.330592E-03
[2024-08-26 10:44:28.540] [bm] [info] main: sampleN20 iter=1100 err_S=2.235970E-03 err_SS=1.416021E-03
[2024-08-26 10:45:17.338] [bm] [info] main: sampleN20 iter=1200 err_S=2.012205E-03 err_SS=1.080785E-03
[2024-08-26 10:46:06.187] [bm] [info] main: sampleN20 iter=1300 err_S=2.266396E-03 err_SS=1.240052E-03
[2024-08-26 10:46:55.238] [bm] [info] main: sampleN20 iter=1400 err_S=2.028223E-03 err_SS=1.122370E-03
[2024-08-26 10:47:44.044] [bm] [info] main: sampleN20 iter=1500 err_S=1.867253E-03 err_SS=9.632433E-04
[2024-08-26 10:48:32.894] [bm] [info] main: sampleN20 iter=1600 err_S=2.393203E-03 err_SS=1.484199E-03
[2024-08-26 10:49:22.086] [bm] [info] main: sampleN20 iter=1700 err_S=2.123770E-03 err_SS=1.376172E-03
[2024-08-26 10:50:09.998] [bm] [info] main: sampleN20 iter=1800 err_S=1.920381E-03 err_SS=1.457801E-03
[2024-08-26 10:50:56.644] [bm] [info] main: sampleN20 iter=1900 err_S=1.911427E-03 err_SS=1.343153E-03
[2024-08-26 10:51:42.361] [bm] [info] main: sampleN20 iter=2000 err_S=1.869553E-03 err_SS=1.140798E-03
[2024-08-26 10:52:28.080] [bm] [info] main: sampleN20 iter=2100 err_S=1.594536E-03 err_SS=1.102934E-03
[2024-08-26 10:53:13.863] [bm] [info] main: sampleN20 iter=2200 err_S=1.475963E-03 err_SS=1.476609E-03
[2024-08-26 10:53:59.562] [bm] [info] main: sampleN20 iter=2300 err_S=2.149218E-03 err_SS=1.897683E-03
[2024-08-26 10:54:45.303] [bm] [info] main: sampleN20 iter=2400 err_S=1.633118E-03 err_SS=1.038617E-03
[2024-08-26 10:55:31.068] [bm] [info] main: sampleN20 iter=2500 err_S=1.649260E-03 err_SS=1.309756E-03
[2024-08-26 10:56:16.985] [bm] [info] main: sampleN20 iter=2600 err_S=1.600812E-03 err_SS=1.169384E-03
[2024-08-26 10:57:02.535] [bm] [info] main: sampleN20 iter=2700 err_S=2.314851E-03 err_SS=1.884717E-03
[2024-08-26 10:57:47.941] [bm] [info] main: sampleN20 iter=2800 err_S=1.772941E-03 err_SS=1.513688E-03
[2024-08-26 10:58:33.381] [bm] [info] main: sampleN20 iter=2900 err_S=1.325669E-03 err_SS=9.421098E-04
[2024-08-26 10:59:18.831] [bm] [info] main: sampleN20 iter=3000 err_S=1.273374E-03 err_SS=1.580974E-03
[2024-08-26 11:00:04.270] [bm] [info] main: sampleN20 iter=3100 err_S=1.352212E-03 err_SS=1.269667E-03
[2024-08-26 11:00:49.729] [bm] [info] main: sampleN20 iter=3200 err_S=1.130276E-03 err_SS=1.695271E-03
[2024-08-26 11:01:35.129] [bm] [info] main: sampleN20 iter=3300 err_S=1.392530E-03 err_SS=1.459101E-03
[2024-08-26 11:02:20.508] [bm] [info] main: sampleN20 iter=3400 err_S=1.815573E-03 err_SS=1.750462E-03
[2024-08-26 11:03:05.842] [bm] [info] main: sampleN20 iter=3500 err_S=1.056395E-03 err_SS=1.561065E-03
[2024-08-26 11:03:51.223] [bm] [info] main: sampleN20 iter=3600 err_S=1.595400E-03 err_SS=1.787500E-03
[2024-08-26 11:04:36.591] [bm] [info] main: sampleN20 iter=3700 err_S=1.754121E-03 err_SS=1.610647E-03
[2024-08-26 11:05:21.997] [bm] [info] main: sampleN20 iter=3800 err_S=1.436323E-03 err_SS=1.115190E-03
[2024-08-26 11:06:07.407] [bm] [info] main: sampleN20 iter=3900 err_S=1.517919E-03 err_SS=1.266771E-03
[2024-08-26 11:06:52.829] [bm] [info] main: sampleN20 iter=4000 err_S=1.690959E-03 err_SS=1.606770E-03
[2024-08-26 11:07:38.171] [bm] [info] main: sampleN20 iter=4100 err_S=1.008381E-03 err_SS=1.152305E-03
[2024-08-26 11:08:23.532] [bm] [info] main: sampleN20 iter=4200 err_S=1.130537E-03 err_SS=1.111757E-03
[2024-08-26 11:09:08.915] [bm] [info] main: sampleN20 iter=4300 err_S=1.232938E-03 err_SS=1.234567E-03
[2024-08-26 11:09:54.316] [bm] [info] main: sampleN20 iter=4400 err_S=1.394493E-03 err_SS=1.259679E-03
[2024-08-26 11:10:39.715] [bm] [info] main: sampleN20 iter=4500 err_S=1.140100E-03 err_SS=1.426511E-03
[2024-08-26 11:11:25.155] [bm] [info] main: sampleN20 iter=4600 err_S=9.997811E-04 err_SS=1.200833E-03
[2024-08-26 11:12:10.615] [bm] [info] main: sampleN20 iter=4700 err_S=1.178591E-03 err_SS=1.720889E-03
[2024-08-26 11:12:56.006] [bm] [info] main: sampleN20 iter=4800 err_S=1.712501E-03 err_SS=1.473265E-03
[2024-08-26 11:13:41.470] [bm] [info] main: sampleN20 iter=4900 err_S=1.207736E-03 err_SS=1.460543E-03
[2024-08-26 11:14:26.875] [bm] [info] main: sampleN20 iter=5000 err_S=9.869233E-04 err_SS=1.198811E-03
[2024-08-26 11:15:12.320] [bm] [info] main: sampleN20 iter=5100 err_S=1.329020E-03 err_SS=1.380093E-03
[2024-08-26 11:15:57.972] [bm] [info] main: sampleN20 iter=5200 err_S=1.503685E-03 err_SS=1.508788E-03
[2024-08-26 11:16:44.771] [bm] [info] main: sampleN20 iter=5300 err_S=1.474323E-03 err_SS=1.660119E-03
[2024-08-26 11:17:31.562] [bm] [info] main: sampleN20 iter=5400 err_S=1.387161E-03 err_SS=1.410382E-03
[2024-08-26 11:18:18.324] [bm] [info] main: sampleN20 iter=5500 err_S=1.352527E-03 err_SS=9.927677E-04
[2024-08-26 11:19:05.070] [bm] [info] main: sampleN20 iter=5600 err_S=1.351136E-03 err_SS=1.193392E-03
[2024-08-26 11:19:51.844] [bm] [info] main: sampleN20 iter=5700 err_S=1.204195E-03 err_SS=1.325976E-03
[2024-08-26 11:20:38.584] [bm] [info] main: sampleN20 iter=5800 err_S=1.441641E-03 err_SS=1.201709E-03
[2024-08-26 11:21:25.337] [bm] [info] main: sampleN20 iter=5900 err_S=9.702421E-04 err_SS=1.087975E-03
[2024-08-26 11:22:12.094] [bm] [info] main: sampleN20 iter=6000 err_S=9.292541E-04 err_SS=1.307451E-03
[2024-08-26 11:22:58.858] [bm] [info] main: sampleN20 iter=6100 err_S=1.143940E-03 err_SS=1.292152E-03
[2024-08-26 11:23:45.609] [bm] [info] main: sampleN20 iter=6200 err_S=1.277232E-03 err_SS=1.784493E-03
[2024-08-26 11:24:32.364] [bm] [info] main: sampleN20 iter=6300 err_S=1.316297E-03 err_SS=1.283433E-03
[2024-08-26 11:25:19.144] [bm] [info] main: sampleN20 iter=6400 err_S=1.187518E-03 err_SS=1.208302E-03
[2024-08-26 11:26:05.897] [bm] [info] main: sampleN20 iter=6500 err_S=1.197840E-03 err_SS=1.452850E-03
[2024-08-26 11:26:52.508] [bm] [info] main: sampleN20 iter=6600 err_S=1.552213E-03 err_SS=1.757918E-03
[2024-08-26 11:27:37.925] [bm] [info] main: sampleN20 iter=6700 err_S=1.234954E-03 err_SS=1.270017E-03
[2024-08-26 11:28:23.268] [bm] [info] main: sampleN20 iter=6800 err_S=9.696837E-04 err_SS=9.142105E-04
[2024-08-26 11:29:08.670] [bm] [info] main: sampleN20 iter=6900 err_S=1.159186E-03 err_SS=1.276893E-03
[2024-08-26 11:29:54.138] [bm] [info] main: sampleN20 iter=7000 err_S=1.402505E-03 err_SS=1.684445E-03
[2024-08-26 11:30:39.484] [bm] [info] main: sampleN20 iter=7100 err_S=1.199990E-03 err_SS=1.351677E-03
[2024-08-26 11:31:24.869] [bm] [info] main: sampleN20 iter=7200 err_S=1.441290E-03 err_SS=1.430115E-03
[2024-08-26 11:32:10.242] [bm] [info] main: sampleN20 iter=7300 err_S=1.137632E-03 err_SS=1.486828E-03
[2024-08-26 11:32:55.645] [bm] [info] main: sampleN20 iter=7400 err_S=1.200467E-03 err_SS=1.143390E-03
[2024-08-26 11:33:41.071] [bm] [info] main: sampleN20 iter=7500 err_S=8.419754E-04 err_SS=1.590433E-03
[2024-08-26 11:34:26.493] [bm] [info] main: sampleN20 iter=7600 err_S=1.094079E-03 err_SS=1.477956E-03
[2024-08-26 11:35:11.954] [bm] [info] main: sampleN20 iter=7700 err_S=7.741683E-04 err_SS=9.460907E-04
[2024-08-26 11:35:57.438] [bm] [info] main: sampleN20 iter=7800 err_S=7.839031E-04 err_SS=8.967034E-04
[2024-08-26 11:36:42.822] [bm] [info] main: sampleN20 iter=7900 err_S=1.785697E-03 err_SS=1.999126E-03
[2024-08-26 11:37:28.248] [bm] [info] main: sampleN20 iter=8000 err_S=9.757645E-04 err_SS=9.180422E-04
[2024-08-26 11:38:13.599] [bm] [info] main: sampleN20 iter=8100 err_S=1.300870E-03 err_SS=1.444035E-03
[2024-08-26 11:38:58.963] [bm] [info] main: sampleN20 iter=8200 err_S=8.798046E-04 err_SS=1.223072E-03
[2024-08-26 11:39:44.380] [bm] [info] main: sampleN20 iter=8300 err_S=1.085494E-03 err_SS=1.486932E-03
[2024-08-26 11:40:29.820] [bm] [info] main: sampleN20 iter=8400 err_S=1.268651E-03 err_SS=2.033057E-03
[2024-08-26 11:41:15.217] [bm] [info] main: sampleN20 iter=8500 err_S=1.242071E-03 err_SS=1.651618E-03
[2024-08-26 11:42:00.607] [bm] [info] main: sampleN20 iter=8600 err_S=1.015712E-03 err_SS=1.177846E-03
[2024-08-26 11:42:46.025] [bm] [info] main: sampleN20 iter=8700 err_S=1.053963E-03 err_SS=1.536927E-03
[2024-08-26 11:43:31.460] [bm] [info] main: sampleN20 iter=8800 err_S=1.161240E-03 err_SS=1.251436E-03
[2024-08-26 11:44:16.839] [bm] [info] main: sampleN20 iter=8900 err_S=1.208020E-03 err_SS=1.467123E-03
[2024-08-26 11:45:02.213] [bm] [info] main: sampleN20 iter=9000 err_S=1.248051E-03 err_SS=1.759230E-03
[2024-08-26 11:45:47.649] [bm] [info] main: sampleN20 iter=9100 err_S=1.291350E-03 err_SS=1.433059E-03
[2024-08-26 11:46:33.032] [bm] [info] main: sampleN20 iter=9200 err_S=1.523746E-03 err_SS=1.694176E-03
[2024-08-26 11:47:18.471] [bm] [info] main: sampleN20 iter=9300 err_S=1.154870E-03 err_SS=1.331825E-03
[2024-08-26 11:48:03.876] [bm] [info] main: sampleN20 iter=9400 err_S=9.580638E-04 err_SS=1.115544E-03
[2024-08-26 11:48:49.285] [bm] [info] main: sampleN20 iter=9500 err_S=1.264067E-03 err_SS=1.423539E-03
[2024-08-26 11:49:34.664] [bm] [info] main: sampleN20 iter=9600 err_S=1.084442E-03 err_SS=1.411677E-03
[2024-08-26 11:50:20.025] [bm] [info] main: sampleN20 iter=9700 err_S=7.281001E-04 err_SS=1.054998E-03
[2024-08-26 11:51:05.401] [bm] [info] main: sampleN20 iter=9800 err_S=9.865525E-04 err_SS=1.137767E-03
[2024-08-26 11:51:50.792] [bm] [info] main: sampleN20 iter=9900 err_S=1.535759E-03 err_SS=1.851738E-03
[2024-08-26 11:52:36.172] [bm] [info] main: sampleN20 iter=10000 err_S=8.653998E-04 err_SS=1.397423E-03
[2024-08-26 11:53:21.559] [bm] [info] main: sampleN20 iter=10100 err_S=1.033842E-03 err_SS=1.194250E-03
[2024-08-26 11:54:06.956] [bm] [info] main: sampleN20 iter=10200 err_S=1.051228E-03 err_SS=1.260550E-03
[2024-08-26 11:54:52.401] [bm] [info] main: sampleN20 iter=10300 err_S=7.563766E-04 err_SS=1.044940E-03
[2024-08-26 11:55:37.770] [bm] [info] main: sampleN20 iter=10400 err_S=7.720364E-04 err_SS=1.082900E-03
[2024-08-26 11:56:23.113] [bm] [info] main: sampleN20 iter=10500 err_S=8.443703E-04 err_SS=1.183814E-03
[2024-08-26 11:57:08.493] [bm] [info] main: sampleN20 iter=10600 err_S=1.086827E-03 err_SS=1.365637E-03
[2024-08-26 11:57:53.832] [bm] [info] main: sampleN20 iter=10700 err_S=1.505560E-03 err_SS=1.731119E-03
[2024-08-26 11:58:39.169] [bm] [info] main: sampleN20 iter=10800 err_S=9.553801E-04 err_SS=1.311099E-03
[2024-08-26 11:59:24.638] [bm] [info] main: sampleN20 iter=10900 err_S=1.117458E-03 err_SS=1.310334E-03
[2024-08-26 12:00:10.010] [bm] [info] main: sampleN20 iter=11000 err_S=9.773304E-04 err_SS=1.200672E-03
[2024-08-26 12:00:55.362] [bm] [info] main: sampleN20 iter=11100 err_S=1.334882E-03 err_SS=1.747986E-03
[2024-08-26 12:01:40.824] [bm] [info] main: sampleN20 iter=11200 err_S=1.003516E-03 err_SS=1.188777E-03
[2024-08-26 12:02:26.251] [bm] [info] main: sampleN20 iter=11300 err_S=1.049583E-03 err_SS=1.279651E-03
[2024-08-26 12:03:11.649] [bm] [info] main: sampleN20 iter=11400 err_S=1.023061E-03 err_SS=1.731858E-03
[2024-08-26 12:03:57.094] [bm] [info] main: sampleN20 iter=11500 err_S=1.037232E-03 err_SS=1.186357E-03
[2024-08-26 12:04:42.515] [bm] [info] main: sampleN20 iter=11600 err_S=1.047959E-03 err_SS=1.257294E-03
[2024-08-26 12:05:27.927] [bm] [info] main: sampleN20 iter=11700 err_S=1.208954E-03 err_SS=1.483044E-03
[2024-08-26 12:06:13.353] [bm] [info] main: sampleN20 iter=11800 err_S=9.303226E-04 err_SS=1.396162E-03
[2024-08-26 12:06:58.762] [bm] [info] main: sampleN20 iter=11900 err_S=1.018478E-03 err_SS=1.134682E-03
[2024-08-26 12:07:44.184] [bm] [info] main: sampleN20 iter=12000 err_S=8.021958E-04 err_SS=1.244945E-03
[2024-08-26 12:08:29.573] [bm] [info] main: sampleN20 iter=12100 err_S=1.123108E-03 err_SS=1.413807E-03
[2024-08-26 12:09:15.047] [bm] [info] main: sampleN20 iter=12200 err_S=1.162383E-03 err_SS=1.690567E-03
[2024-08-26 12:10:00.480] [bm] [info] main: sampleN20 iter=12300 err_S=1.102475E-03 err_SS=1.793323E-03
[2024-08-26 12:10:45.921] [bm] [info] main: sampleN20 iter=12400 err_S=1.406557E-03 err_SS=1.623075E-03
[2024-08-26 12:11:31.311] [bm] [info] main: sampleN20 iter=12500 err_S=1.063401E-03 err_SS=1.126841E-03
[2024-08-26 12:12:16.736] [bm] [info] main: sampleN20 iter=12600 err_S=1.128328E-03 err_SS=1.355781E-03
[2024-08-26 12:13:02.105] [bm] [info] main: sampleN20 iter=12700 err_S=7.689884E-04 err_SS=9.573016E-04
[2024-08-26 12:13:47.561] [bm] [info] main: sampleN20 iter=12800 err_S=1.149488E-03 err_SS=1.404230E-03
[2024-08-26 12:14:32.980] [bm] [info] main: sampleN20 iter=12900 err_S=9.438056E-04 err_SS=1.219447E-03
[2024-08-26 12:15:18.462] [bm] [info] main: sampleN20 iter=13000 err_S=6.835656E-04 err_SS=1.129818E-03
[2024-08-26 12:16:03.918] [bm] [info] main: sampleN20 iter=13100 err_S=1.022218E-03 err_SS=1.087123E-03
[2024-08-26 12:16:49.380] [bm] [info] main: sampleN20 iter=13200 err_S=1.133918E-03 err_SS=1.283275E-03
[2024-08-26 12:17:34.833] [bm] [info] main: sampleN20 iter=13300 err_S=1.127901E-03 err_SS=1.511334E-03
[2024-08-26 12:18:20.199] [bm] [info] main: sampleN20 iter=13400 err_S=9.975269E-04 err_SS=1.317834E-03
[2024-08-26 12:19:05.575] [bm] [info] main: sampleN20 iter=13500 err_S=1.104748E-03 err_SS=1.332511E-03
[2024-08-26 12:19:51.015] [bm] [info] main: sampleN20 iter=13600 err_S=1.020213E-03 err_SS=1.230250E-03
[2024-08-26 12:20:36.451] [bm] [info] main: sampleN20 iter=13700 err_S=1.061378E-03 err_SS=1.401322E-03
[2024-08-26 12:21:21.861] [bm] [info] main: sampleN20 iter=13800 err_S=1.062821E-03 err_SS=1.453364E-03
[2024-08-26 12:22:07.260] [bm] [info] main: sampleN20 iter=13900 err_S=1.108556E-03 err_SS=1.260615E-03
[2024-08-26 12:22:52.637] [bm] [info] main: sampleN20 iter=14000 err_S=1.081243E-03 err_SS=1.331527E-03
[2024-08-26 12:23:38.035] [bm] [info] main: sampleN20 iter=14100 err_S=1.130194E-03 err_SS=1.609584E-03
[2024-08-26 12:24:23.470] [bm] [info] main: sampleN20 iter=14200 err_S=8.970726E-04 err_SS=1.206241E-03
[2024-08-26 12:25:10.486] [bm] [info] main: sampleN20 iter=14300 err_S=7.908322E-04 err_SS=9.476898E-04
[2024-08-26 12:25:59.405] [bm] [info] main: sampleN20 iter=14400 err_S=8.835448E-04 err_SS=1.306164E-03
[2024-08-26 12:26:48.080] [bm] [info] main: sampleN20 iter=14500 err_S=8.773796E-04 err_SS=1.138851E-03
[2024-08-26 12:27:36.765] [bm] [info] main: sampleN20 iter=14600 err_S=1.130410E-03 err_SS=1.357419E-03
[2024-08-26 12:28:25.442] [bm] [info] main: sampleN20 iter=14700 err_S=9.532193E-04 err_SS=1.185202E-03
[2024-08-26 12:29:14.123] [bm] [info] main: sampleN20 iter=14800 err_S=1.112719E-03 err_SS=1.356975E-03
[2024-08-26 12:30:02.704] [bm] [info] main: sampleN20 iter=14900 err_S=1.133610E-03 err_SS=1.383589E-03
[2024-08-26 12:30:51.897] [bm] [info] main: sampleN20 iter=15000 err_S=1.033668E-03 err_SS=1.390890E-03
[2024-08-26 12:31:40.617] [bm] [info] main: sampleN20 iter=15100 err_S=1.162969E-03 err_SS=1.534753E-03
[2024-08-26 12:32:29.467] [bm] [info] main: sampleN20 iter=15200 err_S=9.424054E-04 err_SS=1.260560E-03
[2024-08-26 12:33:18.220] [bm] [info] main: sampleN20 iter=15300 err_S=9.588881E-04 err_SS=1.199018E-03
[2024-08-26 12:34:07.019] [bm] [info] main: sampleN20 iter=15400 err_S=1.105057E-03 err_SS=1.431034E-03
[2024-08-26 12:34:55.747] [bm] [info] main: sampleN20 iter=15500 err_S=9.871199E-04 err_SS=1.204718E-03
[2024-08-26 12:35:44.401] [bm] [info] main: sampleN20 iter=15600 err_S=9.327800E-04 err_SS=1.232044E-03
[2024-08-26 12:36:32.970] [bm] [info] main: sampleN20 iter=15700 err_S=1.075616E-03 err_SS=1.338219E-03
[2024-08-26 12:37:21.794] [bm] [info] main: sampleN20 iter=15800 err_S=1.153973E-03 err_SS=1.368436E-03
[2024-08-26 12:38:10.900] [bm] [info] main: sampleN20 iter=15900 err_S=9.481100E-04 err_SS=1.402531E-03
[2024-08-26 12:38:59.860] [bm] [info] main: sampleN20 iter=16000 err_S=9.810547E-04 err_SS=1.370194E-03
[2024-08-26 12:39:48.658] [bm] [info] main: sampleN20 iter=16100 err_S=9.599264E-04 err_SS=1.306749E-03
[2024-08-26 12:40:37.377] [bm] [info] main: sampleN20 iter=16200 err_S=1.138727E-03 err_SS=1.323526E-03
[2024-08-26 12:41:26.087] [bm] [info] main: sampleN20 iter=16300 err_S=1.000135E-03 err_SS=1.224703E-03
[2024-08-26 12:42:14.828] [bm] [info] main: sampleN20 iter=16400 err_S=9.807738E-04 err_SS=1.451976E-03
[2024-08-26 12:43:02.953] [bm] [info] main: sampleN20 iter=16500 err_S=1.027258E-03 err_SS=1.201205E-03
[2024-08-26 12:43:51.016] [bm] [info] main: sampleN20 iter=16600 err_S=9.348654E-04 err_SS=1.191460E-03
[2024-08-26 12:44:39.078] [bm] [info] main: sampleN20 iter=16700 err_S=9.807162E-04 err_SS=1.194310E-03
[2024-08-26 12:45:27.102] [bm] [info] main: sampleN20 iter=16800 err_S=9.478620E-04 err_SS=1.116558E-03
[2024-08-26 12:46:15.145] [bm] [info] main: sampleN20 iter=16900 err_S=1.386048E-03 err_SS=1.739752E-03
[2024-08-26 12:47:03.184] [bm] [info] main: sampleN20 iter=17000 err_S=8.875670E-04 err_SS=1.104331E-03
[2024-08-26 12:47:51.276] [bm] [info] main: sampleN20 iter=17100 err_S=8.464519E-04 err_SS=1.042515E-03
[2024-08-26 12:48:39.340] [bm] [info] main: sampleN20 iter=17200 err_S=7.987077E-04 err_SS=1.162180E-03
[2024-08-26 12:49:27.256] [bm] [info] main: sampleN20 iter=17300 err_S=1.063383E-03 err_SS=1.311003E-03
[2024-08-26 12:50:15.172] [bm] [info] main: sampleN20 iter=17400 err_S=1.247501E-03 err_SS=1.546415E-03
[2024-08-26 12:51:03.061] [bm] [info] main: sampleN20 iter=17500 err_S=8.760724E-04 err_SS=1.155572E-03
[2024-08-26 12:51:50.926] [bm] [info] main: sampleN20 iter=17600 err_S=1.154109E-03 err_SS=1.458543E-03
[2024-08-26 12:52:38.893] [bm] [info] main: sampleN20 iter=17700 err_S=9.494177E-04 err_SS=1.302858E-03
[2024-08-26 12:53:26.785] [bm] [info] main: sampleN20 iter=17800 err_S=1.033179E-03 err_SS=1.310577E-03
[2024-08-26 12:54:14.765] [bm] [info] main: sampleN20 iter=17900 err_S=1.231835E-03 err_SS=1.652180E-03
[2024-08-26 12:55:02.711] [bm] [info] main: sampleN20 iter=18000 err_S=1.118442E-03 err_SS=1.407781E-03
[2024-08-26 12:55:51.088] [bm] [info] main: sampleN20 iter=18100 err_S=1.043690E-03 err_SS=1.270637E-03
[2024-08-26 12:56:39.634] [bm] [info] main: sampleN20 iter=18200 err_S=1.114223E-03 err_SS=1.490542E-03
[2024-08-26 12:57:27.803] [bm] [info] main: sampleN20 iter=18300 err_S=1.221502E-03 err_SS=1.428506E-03
[2024-08-26 12:58:16.081] [bm] [info] main: sampleN20 iter=18400 err_S=1.151331E-03 err_SS=1.441145E-03
[2024-08-26 12:59:04.621] [bm] [info] main: sampleN20 iter=18500 err_S=1.159232E-03 err_SS=1.496788E-03
[2024-08-26 12:59:53.104] [bm] [info] main: sampleN20 iter=18600 err_S=9.325554E-04 err_SS=1.185195E-03
[2024-08-26 13:00:41.487] [bm] [info] main: sampleN20 iter=18700 err_S=8.511171E-04 err_SS=1.107919E-03
[2024-08-26 13:01:29.878] [bm] [info] main: sampleN20 iter=18800 err_S=1.018953E-03 err_SS=1.384520E-03
[2024-08-26 13:02:18.365] [bm] [info] main: sampleN20 iter=18900 err_S=1.017756E-03 err_SS=1.258217E-03
[2024-08-26 13:03:06.855] [bm] [info] main: sampleN20 iter=19000 err_S=9.834838E-04 err_SS=1.272587E-03
[2024-08-26 13:03:55.319] [bm] [info] main: sampleN20 iter=19100 err_S=9.981171E-04 err_SS=1.279648E-03
[2024-08-26 13:04:43.861] [bm] [info] main: sampleN20 iter=19200 err_S=9.603159E-04 err_SS=1.238694E-03
[2024-08-26 13:05:32.123] [bm] [info] main: sampleN20 iter=19300 err_S=9.857350E-04 err_SS=1.179028E-03
[2024-08-26 13:06:20.514] [bm] [info] main: sampleN20 iter=19400 err_S=1.060416E-03 err_SS=1.341064E-03
[2024-08-26 13:07:08.979] [bm] [info] main: sampleN20 iter=19500 err_S=8.189560E-04 err_SS=1.039318E-03
[2024-08-26 13:07:57.455] [bm] [info] main: sampleN20 iter=19600 err_S=1.042158E-03 err_SS=1.314893E-03
[2024-08-26 13:08:45.249] [bm] [info] main: sampleN20 iter=19700 err_S=1.256679E-03 err_SS=1.611631E-03
[2024-08-26 13:09:33.665] [bm] [info] main: sampleN20 iter=19800 err_S=1.246993E-03 err_SS=1.663986E-03
[2024-08-26 13:10:21.890] [bm] [info] main: sampleN20 iter=19900 err_S=1.184892E-03 err_SS=1.582691E-03
[2024-08-26 13:11:09.573] [bm] [info] main: sampleN20 iter=20000 err_S=1.057058E-03 err_SS=1.369198E-03
[2024-08-26 13:11:57.493] [bm] [info] main: sampleN20 iter=20100 err_S=1.531209E-03 err_SS=1.785887E-03
[2024-08-26 13:12:45.882] [bm] [info] main: sampleN20 iter=20200 err_S=6.466673E-04 err_SS=9.474226E-04
[2024-08-26 13:13:34.515] [bm] [info] main: sampleN20 iter=20300 err_S=9.186701E-04 err_SS=1.230057E-03
[2024-08-26 13:14:22.948] [bm] [info] main: sampleN20 iter=20400 err_S=7.159933E-04 err_SS=1.050223E-03
[2024-08-26 13:15:11.466] [bm] [info] main: sampleN20 iter=20500 err_S=7.914888E-04 err_SS=1.050987E-03
[2024-08-26 13:15:59.752] [bm] [info] main: sampleN20 iter=20600 err_S=1.357598E-03 err_SS=1.694999E-03
[2024-08-26 13:16:48.587] [bm] [info] main: sampleN20 iter=20700 err_S=1.224198E-03 err_SS=1.500075E-03
[2024-08-26 13:17:37.371] [bm] [info] main: sampleN20 iter=20800 err_S=9.503097E-04 err_SS=1.186272E-03
[2024-08-26 13:18:26.336] [bm] [info] main: sampleN20 iter=20900 err_S=1.115203E-03 err_SS=1.408245E-03
[2024-08-26 13:19:14.933] [bm] [info] main: sampleN20 iter=21000 err_S=9.512259E-04 err_SS=1.223570E-03
[2024-08-26 13:20:03.542] [bm] [info] main: sampleN20 iter=21100 err_S=9.717507E-04 err_SS=1.213695E-03
[2024-08-26 13:20:51.769] [bm] [info] main: sampleN20 iter=21200 err_S=1.147685E-03 err_SS=1.578584E-03
[2024-08-26 13:21:40.188] [bm] [info] main: sampleN20 iter=21300 err_S=1.000348E-03 err_SS=1.146610E-03
[2024-08-26 13:22:28.483] [bm] [info] main: sampleN20 iter=21400 err_S=9.972186E-04 err_SS=1.227095E-03
[2024-08-26 13:23:16.159] [bm] [info] main: sampleN20 iter=21500 err_S=9.112428E-04 err_SS=1.209229E-03
[2024-08-26 13:24:03.807] [bm] [info] main: sampleN20 iter=21600 err_S=1.142290E-03 err_SS=1.419046E-03
[2024-08-26 13:24:51.870] [bm] [info] main: sampleN20 iter=21700 err_S=1.080878E-03 err_SS=1.352723E-03
[2024-08-26 13:25:39.935] [bm] [info] main: sampleN20 iter=21800 err_S=9.158750E-04 err_SS=1.118218E-03
[2024-08-26 13:26:27.678] [bm] [info] main: sampleN20 iter=21900 err_S=8.321266E-04 err_SS=1.014373E-03
[2024-08-26 13:27:15.399] [bm] [info] main: sampleN20 iter=22000 err_S=1.373209E-03 err_SS=1.664857E-03
[2024-08-26 13:28:03.121] [bm] [info] main: sampleN20 iter=22100 err_S=8.675328E-04 err_SS=1.144509E-03
[2024-08-26 13:28:50.898] [bm] [info] main: sampleN20 iter=22200 err_S=8.610060E-04 err_SS=1.034500E-03
[2024-08-26 13:29:39.821] [bm] [info] main: sampleN20 iter=22300 err_S=9.720824E-04 err_SS=1.220449E-03
[2024-08-26 13:30:28.650] [bm] [info] main: sampleN20 iter=22400 err_S=1.066902E-03 err_SS=1.235706E-03
[2024-08-26 13:31:17.357] [bm] [info] main: sampleN20 iter=22500 err_S=1.310471E-03 err_SS=1.682892E-03
[2024-08-26 13:32:06.248] [bm] [info] main: sampleN20 iter=22600 err_S=9.981030E-04 err_SS=1.133247E-03
[2024-08-26 13:32:55.143] [bm] [info] main: sampleN20 iter=22700 err_S=1.142371E-03 err_SS=1.462035E-03
[2024-08-26 13:33:43.703] [bm] [info] main: sampleN20 iter=22800 err_S=1.148386E-03 err_SS=1.387224E-03
[2024-08-26 13:34:31.400] [bm] [info] main: sampleN20 iter=22900 err_S=9.277329E-04 err_SS=1.211562E-03
[2024-08-26 13:35:19.063] [bm] [info] main: sampleN20 iter=23000 err_S=1.203576E-03 err_SS=1.468617E-03
[2024-08-26 13:36:06.734] [bm] [info] main: sampleN20 iter=23100 err_S=1.020251E-03 err_SS=1.380860E-03
[2024-08-26 13:36:54.388] [bm] [info] main: sampleN20 iter=23200 err_S=1.022850E-03 err_SS=1.283777E-03
[2024-08-26 13:37:42.042] [bm] [info] main: sampleN20 iter=23300 err_S=7.183103E-04 err_SS=9.704098E-04
[2024-08-26 13:38:29.704] [bm] [info] main: sampleN20 iter=23400 err_S=1.401589E-03 err_SS=1.691123E-03
[2024-08-26 13:39:17.401] [bm] [info] main: sampleN20 iter=23500 err_S=8.500592E-04 err_SS=1.149719E-03
[2024-08-26 13:40:05.276] [bm] [info] main: sampleN20 iter=23600 err_S=8.508564E-04 err_SS=1.228041E-03
[2024-08-26 13:40:53.260] [bm] [info] main: sampleN20 iter=23700 err_S=1.182349E-03 err_SS=1.418770E-03
[2024-08-26 13:41:41.171] [bm] [info] main: sampleN20 iter=23800 err_S=1.306582E-03 err_SS=1.552426E-03
[2024-08-26 13:42:29.218] [bm] [info] main: sampleN20 iter=23900 err_S=7.586848E-04 err_SS=1.114498E-03
[2024-08-26 13:43:17.283] [bm] [info] main: sampleN20 iter=24000 err_S=1.081072E-03 err_SS=1.343163E-03
[2024-08-26 13:44:05.472] [bm] [info] main: sampleN20 iter=24100 err_S=1.186106E-03 err_SS=1.552073E-03
[2024-08-26 13:44:53.934] [bm] [info] main: sampleN20 iter=24200 err_S=1.604240E-03 err_SS=2.058596E-03
[2024-08-26 13:45:42.201] [bm] [info] main: sampleN20 iter=24300 err_S=1.170919E-03 err_SS=1.668480E-03
[2024-08-26 13:46:30.251] [bm] [info] main: sampleN20 iter=24400 err_S=9.130591E-04 err_SS=1.138323E-03
[2024-08-26 13:47:18.232] [bm] [info] main: sampleN20 iter=24500 err_S=9.727412E-04 err_SS=1.221029E-03
[2024-08-26 13:48:06.287] [bm] [info] main: sampleN20 iter=24600 err_S=8.486584E-04 err_SS=1.185109E-03
[2024-08-26 13:48:54.162] [bm] [info] main: sampleN20 iter=24700 err_S=1.035188E-03 err_SS=1.416165E-03
[2024-08-26 13:49:42.225] [bm] [info] main: sampleN20 iter=24800 err_S=8.894659E-04 err_SS=1.128288E-03
[2024-08-26 13:50:30.145] [bm] [info] main: sampleN20 iter=24900 err_S=9.008332E-04 err_SS=1.139133E-03
[2024-08-26 13:51:18.192] [bm] [info] main: sampleN20 iter=25000 err_S=9.265220E-04 err_SS=1.081172E-03
[2024-08-26 13:52:06.424] [bm] [info] main: sampleN20 iter=25100 err_S=1.141801E-03 err_SS=1.449470E-03
[2024-08-26 13:52:54.513] [bm] [info] main: sampleN20 iter=25200 err_S=8.390717E-04 err_SS=1.371495E-03
[2024-08-26 13:53:42.578] [bm] [info] main: sampleN20 iter=25300 err_S=1.280157E-03 err_SS=1.556812E-03
[2024-08-26 13:54:30.797] [bm] [info] main: sampleN20 iter=25400 err_S=1.086027E-03 err_SS=1.342425E-03
[2024-08-26 13:55:18.940] [bm] [info] main: sampleN20 iter=25500 err_S=9.879859E-04 err_SS=1.399772E-03
[2024-08-26 13:56:07.122] [bm] [info] main: sampleN20 iter=25600 err_S=1.113278E-03 err_SS=1.364638E-03
[2024-08-26 13:56:55.315] [bm] [info] main: sampleN20 iter=25700 err_S=1.382084E-03 err_SS=1.755842E-03
[2024-08-26 13:57:43.373] [bm] [info] main: sampleN20 iter=25800 err_S=1.135065E-03 err_SS=1.463240E-03
[2024-08-26 13:58:31.625] [bm] [info] main: sampleN20 iter=25900 err_S=1.096742E-03 err_SS=1.305514E-03
[2024-08-26 13:59:19.646] [bm] [info] main: sampleN20 iter=26000 err_S=1.463431E-03 err_SS=1.783284E-03
[2024-08-26 14:00:07.833] [bm] [info] main: sampleN20 iter=26100 err_S=1.134296E-03 err_SS=1.415383E-03
[2024-08-26 14:00:55.967] [bm] [info] main: sampleN20 iter=26200 err_S=8.367572E-04 err_SS=1.131270E-03
[2024-08-26 14:01:44.425] [bm] [info] main: sampleN20 iter=26300 err_S=9.840658E-04 err_SS=1.159475E-03
[2024-08-26 14:02:32.943] [bm] [info] main: sampleN20 iter=26400 err_S=1.336549E-03 err_SS=1.625397E-03
[2024-08-26 14:03:21.176] [bm] [info] main: sampleN20 iter=26500 err_S=1.005018E-03 err_SS=1.249528E-03
[2024-08-26 14:04:09.287] [bm] [info] main: sampleN20 iter=26600 err_S=1.203918E-03 err_SS=1.493298E-03
[2024-08-26 14:04:57.371] [bm] [info] main: sampleN20 iter=26700 err_S=1.115338E-03 err_SS=1.428112E-03
[2024-08-26 14:05:45.490] [bm] [info] main: sampleN20 iter=26800 err_S=1.198789E-03 err_SS=1.488070E-03
[2024-08-26 14:06:34.490] [bm] [info] main: sampleN20 iter=26900 err_S=9.389136E-04 err_SS=1.230071E-03
[2024-08-26 14:07:23.369] [bm] [info] main: sampleN20 iter=27000 err_S=8.232632E-04 err_SS=1.207052E-03
[2024-08-26 14:08:12.582] [bm] [info] main: sampleN20 iter=27100 err_S=9.739313E-04 err_SS=1.130900E-03
[2024-08-26 14:09:01.687] [bm] [info] main: sampleN20 iter=27200 err_S=9.602205E-04 err_SS=1.381838E-03
[2024-08-26 14:09:50.721] [bm] [info] main: sampleN20 iter=27300 err_S=1.079207E-03 err_SS=1.426161E-03
[2024-08-26 14:10:39.095] [bm] [info] main: sampleN20 iter=27400 err_S=8.549311E-04 err_SS=1.109921E-03
[2024-08-26 14:11:27.432] [bm] [info] main: sampleN20 iter=27500 err_S=1.406172E-03 err_SS=1.763047E-03
[2024-08-26 14:12:15.720] [bm] [info] main: sampleN20 iter=27600 err_S=9.412473E-04 err_SS=1.242229E-03
[2024-08-26 14:13:04.288] [bm] [info] main: sampleN20 iter=27700 err_S=1.455337E-03 err_SS=1.811301E-03
[2024-08-26 14:13:52.311] [bm] [info] main: sampleN20 iter=27800 err_S=1.093144E-03 err_SS=1.371925E-03
[2024-08-26 14:14:40.436] [bm] [info] main: sampleN20 iter=27900 err_S=1.091527E-03 err_SS=1.382973E-03
[2024-08-26 14:15:28.639] [bm] [info] main: sampleN20 iter=28000 err_S=8.458327E-04 err_SS=1.072062E-03
[2024-08-26 14:16:16.726] [bm] [info] main: sampleN20 iter=28100 err_S=9.366620E-04 err_SS=1.210896E-03
[2024-08-26 14:17:04.958] [bm] [info] main: sampleN20 iter=28200 err_S=9.889841E-04 err_SS=1.281659E-03
[2024-08-26 14:17:53.118] [bm] [info] main: sampleN20 iter=28300 err_S=1.055014E-03 err_SS=1.314938E-03
[2024-08-26 14:18:41.199] [bm] [info] main: sampleN20 iter=28400 err_S=1.262162E-03 err_SS=1.446102E-03
[2024-08-26 14:19:29.286] [bm] [info] main: sampleN20 iter=28500 err_S=7.880879E-04 err_SS=1.077225E-03
[2024-08-26 14:20:17.389] [bm] [info] main: sampleN20 iter=28600 err_S=8.844422E-04 err_SS=1.137400E-03
[2024-08-26 14:21:05.700] [bm] [info] main: sampleN20 iter=28700 err_S=1.265991E-03 err_SS=1.558203E-03
[2024-08-26 14:21:53.884] [bm] [info] main: sampleN20 iter=28800 err_S=9.816173E-04 err_SS=1.260863E-03
[2024-08-26 14:22:41.992] [bm] [info] main: sampleN20 iter=28900 err_S=1.224909E-03 err_SS=1.479440E-03
[2024-08-26 14:23:30.121] [bm] [info] main: sampleN20 iter=29000 err_S=8.827304E-04 err_SS=1.125187E-03
[2024-08-26 14:24:18.206] [bm] [info] main: sampleN20 iter=29100 err_S=1.037783E-03 err_SS=1.325627E-03
[2024-08-26 14:25:06.440] [bm] [info] main: sampleN20 iter=29200 err_S=9.517153E-04 err_SS=1.214703E-03
[2024-08-26 14:25:54.541] [bm] [info] main: sampleN20 iter=29300 err_S=1.156335E-03 err_SS=1.557910E-03
[2024-08-26 14:26:42.640] [bm] [info] main: sampleN20 iter=29400 err_S=1.119357E-03 err_SS=1.357292E-03
[2024-08-26 14:27:30.870] [bm] [info] main: sampleN20 iter=29500 err_S=1.296078E-03 err_SS=1.640656E-03
[2024-08-26 14:28:18.975] [bm] [info] main: sampleN20 iter=29600 err_S=1.011024E-03 err_SS=1.296057E-03
[2024-08-26 14:29:07.125] [bm] [info] main: sampleN20 iter=29700 err_S=1.099732E-03 err_SS=1.440694E-03
[2024-08-26 14:29:55.171] [bm] [info] main: sampleN20 iter=29800 err_S=1.100900E-03 err_SS=1.532361E-03
[2024-08-26 14:30:43.326] [bm] [info] main: sampleN20 iter=29900 err_S=8.978203E-04 err_SS=1.100341E-03
[2024-08-26 14:31:31.496] [bm] [info] main: sampleN20 iter=30000 err_S=1.207004E-03 err_SS=1.481592E-03
[2024-08-26 14:32:19.534] [bm] [info] main: sampleN20 iter=30100 err_S=1.043518E-03 err_SS=1.355489E-03
[2024-08-26 14:33:07.751] [bm] [info] main: sampleN20 iter=30200 err_S=1.100154E-03 err_SS=1.427422E-03
[2024-08-26 14:33:55.882] [bm] [info] main: sampleN20 iter=30300 err_S=1.524612E-03 err_SS=1.649282E-03
[2024-08-26 14:34:43.995] [bm] [info] main: sampleN20 iter=30400 err_S=1.112872E-03 err_SS=1.399129E-03
[2024-08-26 14:35:32.053] [bm] [info] main: sampleN20 iter=30500 err_S=1.011989E-03 err_SS=1.368626E-03
[2024-08-26 14:36:20.227] [bm] [info] main: sampleN20 iter=30600 err_S=1.192114E-03 err_SS=1.396584E-03
[2024-08-26 14:37:08.463] [bm] [info] main: sampleN20 iter=30700 err_S=1.049702E-03 err_SS=1.302425E-03
[2024-08-26 14:37:56.708] [bm] [info] main: sampleN20 iter=30800 err_S=1.157638E-03 err_SS=1.549937E-03
[2024-08-26 14:38:44.815] [bm] [info] main: sampleN20 iter=30900 err_S=1.081803E-03 err_SS=1.389375E-03
[2024-08-26 14:39:32.951] [bm] [info] main: sampleN20 iter=31000 err_S=9.740790E-04 err_SS=1.249877E-03
[2024-08-26 14:40:21.027] [bm] [info] main: sampleN20 iter=31100 err_S=1.275809E-03 err_SS=1.537440E-03
[2024-08-26 14:41:09.241] [bm] [info] main: sampleN20 iter=31200 err_S=1.058846E-03 err_SS=1.500485E-03
[2024-08-26 14:41:57.320] [bm] [info] main: sampleN20 iter=31300 err_S=8.004774E-04 err_SS=1.124348E-03
[2024-08-26 14:42:45.291] [bm] [info] main: sampleN20 iter=31400 err_S=8.503128E-04 err_SS=1.177204E-03
[2024-08-26 14:43:33.498] [bm] [info] main: sampleN20 iter=31500 err_S=9.931049E-04 err_SS=1.229792E-03
[2024-08-26 14:44:21.589] [bm] [info] main: sampleN20 iter=31600 err_S=1.083552E-03 err_SS=1.393500E-03
[2024-08-26 14:45:09.828] [bm] [info] main: sampleN20 iter=31700 err_S=1.205523E-03 err_SS=1.491337E-03
[2024-08-26 14:45:57.993] [bm] [info] main: sampleN20 iter=31800 err_S=9.955127E-04 err_SS=1.310038E-03
[2024-08-26 14:46:46.198] [bm] [info] main: sampleN20 iter=31900 err_S=1.012890E-03 err_SS=1.184573E-03
[2024-08-26 14:47:34.183] [bm] [info] main: sampleN20 iter=32000 err_S=1.032332E-03 err_SS=1.309903E-03
[2024-08-26 14:48:22.338] [bm] [info] main: sampleN20 iter=32100 err_S=1.081478E-03 err_SS=1.449841E-03
[2024-08-26 14:49:10.350] [bm] [info] main: sampleN20 iter=32200 err_S=9.137735E-04 err_SS=9.996224E-04
[2024-08-26 14:49:58.515] [bm] [info] main: sampleN20 iter=32300 err_S=1.000442E-03 err_SS=1.468303E-03
[2024-08-26 14:50:46.641] [bm] [info] main: sampleN20 iter=32400 err_S=1.167955E-03 err_SS=1.604157E-03
[2024-08-26 14:51:34.841] [bm] [info] main: sampleN20 iter=32500 err_S=1.571824E-03 err_SS=1.905551E-03
[2024-08-26 14:52:23.057] [bm] [info] main: sampleN20 iter=32600 err_S=1.114368E-03 err_SS=1.627125E-03
[2024-08-26 14:53:11.144] [bm] [info] main: sampleN20 iter=32700 err_S=1.417718E-03 err_SS=1.648601E-03
[2024-08-26 14:53:59.323] [bm] [info] main: sampleN20 iter=32800 err_S=9.661810E-04 err_SS=1.126607E-03
[2024-08-26 14:54:47.636] [bm] [info] main: sampleN20 iter=32900 err_S=1.024501E-03 err_SS=1.341045E-03
[2024-08-26 14:55:35.552] [bm] [info] main: sampleN20 iter=33000 err_S=1.127118E-03 err_SS=1.371270E-03
[2024-08-26 14:56:23.676] [bm] [info] main: sampleN20 iter=33100 err_S=1.034517E-03 err_SS=1.398298E-03
[2024-08-26 14:57:11.790] [bm] [info] main: sampleN20 iter=33200 err_S=1.179834E-03 err_SS=1.427268E-03
[2024-08-26 14:57:59.986] [bm] [info] main: sampleN20 iter=33300 err_S=1.291619E-03 err_SS=1.568715E-03
[2024-08-26 14:58:48.240] [bm] [info] main: sampleN20 iter=33400 err_S=1.136348E-03 err_SS=1.378200E-03
[2024-08-26 14:59:36.379] [bm] [info] main: sampleN20 iter=33500 err_S=1.017145E-03 err_SS=1.308019E-03
[2024-08-26 15:00:24.578] [bm] [info] main: sampleN20 iter=33600 err_S=8.851268E-04 err_SS=1.124324E-03
[2024-08-26 15:01:12.732] [bm] [info] main: sampleN20 iter=33700 err_S=1.637268E-03 err_SS=1.905215E-03
[2024-08-26 15:02:00.857] [bm] [info] main: sampleN20 iter=33800 err_S=8.010697E-04 err_SS=1.048146E-03
[2024-08-26 15:02:48.986] [bm] [info] main: sampleN20 iter=33900 err_S=1.297150E-03 err_SS=1.770284E-03
[2024-08-26 15:03:37.045] [bm] [info] main: sampleN20 iter=34000 err_S=1.041421E-03 err_SS=1.343780E-03
[2024-08-26 15:04:25.331] [bm] [info] main: sampleN20 iter=34100 err_S=1.214616E-03 err_SS=1.580162E-03
[2024-08-26 15:05:13.356] [bm] [info] main: sampleN20 iter=34200 err_S=1.237632E-03 err_SS=1.474078E-03
[2024-08-26 15:06:01.602] [bm] [info] main: sampleN20 iter=34300 err_S=1.020571E-03 err_SS=1.330125E-03
[2024-08-26 15:06:49.821] [bm] [info] main: sampleN20 iter=34400 err_S=1.222769E-03 err_SS=1.440750E-03
[2024-08-26 15:07:37.861] [bm] [info] main: sampleN20 iter=34500 err_S=1.081049E-03 err_SS=1.361271E-03
[2024-08-26 15:08:25.917] [bm] [info] main: sampleN20 iter=34600 err_S=7.952882E-04 err_SS=1.097164E-03
[2024-08-26 15:09:14.040] [bm] [info] main: sampleN20 iter=34700 err_S=9.077430E-04 err_SS=1.153804E-03
[2024-08-26 15:10:02.264] [bm] [info] main: sampleN20 iter=34800 err_S=7.785176E-04 err_SS=1.063970E-03
[2024-08-26 15:10:50.405] [bm] [info] main: sampleN20 iter=34900 err_S=7.880270E-04 err_SS=1.056125E-03
[2024-08-26 15:11:38.514] [bm] [info] main: sampleN20 iter=35000 err_S=9.257908E-04 err_SS=1.247752E-03
[2024-08-26 15:12:26.677] [bm] [info] main: sampleN20 iter=35100 err_S=7.491466E-04 err_SS=1.008639E-03
[2024-08-26 15:13:14.750] [bm] [info] main: sampleN20 iter=35200 err_S=1.398904E-03 err_SS=1.731227E-03
[2024-08-26 15:14:02.937] [bm] [info] main: sampleN20 iter=35300 err_S=1.078333E-03 err_SS=1.296691E-03
[2024-08-26 15:14:50.994] [bm] [info] main: sampleN20 iter=35400 err_S=1.066628E-03 err_SS=1.370774E-03
[2024-08-26 15:15:39.024] [bm] [info] main: sampleN20 iter=35500 err_S=8.186134E-04 err_SS=1.135555E-03
[2024-08-26 15:16:27.249] [bm] [info] main: sampleN20 iter=35600 err_S=7.846824E-04 err_SS=1.059632E-03
[2024-08-26 15:17:15.274] [bm] [info] main: sampleN20 iter=35700 err_S=1.067040E-03 err_SS=1.524410E-03
[2024-08-26 15:18:03.368] [bm] [info] main: sampleN20 iter=35800 err_S=8.838818E-04 err_SS=1.189214E-03
[2024-08-26 15:18:51.475] [bm] [info] main: sampleN20 iter=35900 err_S=9.210756E-04 err_SS=1.229041E-03
[2024-08-26 15:19:39.486] [bm] [info] main: sampleN20 iter=36000 err_S=1.093641E-03 err_SS=1.342050E-03
[2024-08-26 15:20:27.706] [bm] [info] main: sampleN20 iter=36100 err_S=1.098332E-03 err_SS=1.539035E-03
[2024-08-26 15:21:15.756] [bm] [info] main: sampleN20 iter=36200 err_S=1.444683E-03 err_SS=1.818092E-03
[2024-08-26 15:22:03.901] [bm] [info] main: sampleN20 iter=36300 err_S=1.255957E-03 err_SS=1.592657E-03
[2024-08-26 15:22:52.033] [bm] [info] main: sampleN20 iter=36400 err_S=9.979573E-04 err_SS=1.288496E-03
[2024-08-26 15:23:40.056] [bm] [info] main: sampleN20 iter=36500 err_S=1.068701E-03 err_SS=1.290538E-03
[2024-08-26 15:24:28.248] [bm] [info] main: sampleN20 iter=36600 err_S=1.141465E-03 err_SS=1.453424E-03
[2024-08-26 15:25:16.201] [bm] [info] main: sampleN20 iter=36700 err_S=1.156152E-03 err_SS=1.460796E-03
[2024-08-26 15:26:04.390] [bm] [info] main: sampleN20 iter=36800 err_S=1.154624E-03 err_SS=1.544118E-03
[2024-08-26 15:26:52.529] [bm] [info] main: sampleN20 iter=36900 err_S=1.180434E-03 err_SS=1.486077E-03
[2024-08-26 15:27:40.613] [bm] [info] main: sampleN20 iter=37000 err_S=1.094302E-03 err_SS=1.345376E-03
[2024-08-26 15:28:28.763] [bm] [info] main: sampleN20 iter=37100 err_S=8.943866E-04 err_SS=1.146064E-03
[2024-08-26 15:29:16.846] [bm] [info] main: sampleN20 iter=37200 err_S=1.592241E-03 err_SS=2.326643E-03
[2024-08-26 15:30:05.059] [bm] [info] main: sampleN20 iter=37300 err_S=1.335268E-03 err_SS=1.539402E-03
[2024-08-26 15:30:53.228] [bm] [info] main: sampleN20 iter=37400 err_S=1.182503E-03 err_SS=1.494408E-03
[2024-08-26 15:31:41.343] [bm] [info] main: sampleN20 iter=37500 err_S=8.725302E-04 err_SS=1.151145E-03
[2024-08-26 15:32:29.461] [bm] [info] main: sampleN20 iter=37600 err_S=1.120995E-03 err_SS=1.373880E-03
[2024-08-26 15:33:17.490] [bm] [info] main: sampleN20 iter=37700 err_S=9.610927E-04 err_SS=1.201177E-03
[2024-08-26 15:34:05.689] [bm] [info] main: sampleN20 iter=37800 err_S=1.083963E-03 err_SS=1.355710E-03
[2024-08-26 15:34:53.531] [bm] [info] main: sampleN20 iter=37900 err_S=1.187465E-03 err_SS=1.490819E-03
[2024-08-26 15:35:41.688] [bm] [info] main: sampleN20 iter=38000 err_S=9.995645E-04 err_SS=1.238625E-03
[2024-08-26 15:36:29.906] [bm] [info] main: sampleN20 iter=38100 err_S=1.063470E-03 err_SS=1.333516E-03
[2024-08-26 15:37:17.950] [bm] [info] main: sampleN20 iter=38200 err_S=9.448818E-04 err_SS=1.248835E-03
[2024-08-26 15:38:05.991] [bm] [info] main: sampleN20 iter=38300 err_S=1.281188E-03 err_SS=1.550459E-03
[2024-08-26 15:38:54.100] [bm] [info] main: sampleN20 iter=38400 err_S=1.235804E-03 err_SS=1.445775E-03
[2024-08-26 15:39:42.203] [bm] [info] main: sampleN20 iter=38500 err_S=8.816520E-04 err_SS=1.189114E-03
[2024-08-26 15:40:30.279] [bm] [info] main: sampleN20 iter=38600 err_S=1.255042E-03 err_SS=1.569153E-03
[2024-08-26 15:41:18.375] [bm] [info] main: sampleN20 iter=38700 err_S=9.163359E-04 err_SS=1.246452E-03
[2024-08-26 15:42:06.487] [bm] [info] main: sampleN20 iter=38800 err_S=8.943254E-04 err_SS=1.136079E-03
[2024-08-26 15:42:54.596] [bm] [info] main: sampleN20 iter=38900 err_S=8.139840E-04 err_SS=1.067021E-03
[2024-08-26 15:43:42.623] [bm] [info] main: sampleN20 iter=39000 err_S=9.971674E-04 err_SS=1.318034E-03
[2024-08-26 15:44:30.743] [bm] [info] main: sampleN20 iter=39100 err_S=1.304745E-03 err_SS=1.816368E-03
[2024-08-26 15:45:18.785] [bm] [info] main: sampleN20 iter=39200 err_S=1.279564E-03 err_SS=1.694632E-03
[2024-08-26 15:46:06.971] [bm] [info] main: sampleN20 iter=39300 err_S=8.182066E-04 err_SS=1.138964E-03
[2024-08-26 15:46:55.084] [bm] [info] main: sampleN20 iter=39400 err_S=1.274303E-03 err_SS=1.520417E-03
[2024-08-26 15:47:43.110] [bm] [info] main: sampleN20 iter=39500 err_S=9.623256E-04 err_SS=1.228797E-03
[2024-08-26 15:48:31.128] [bm] [info] main: sampleN20 iter=39600 err_S=7.390424E-04 err_SS=9.895487E-04
[2024-08-26 15:49:19.043] [bm] [info] main: sampleN20 iter=39700 err_S=1.143808E-03 err_SS=1.692066E-03
[2024-08-26 15:50:07.063] [bm] [info] main: sampleN20 iter=39800 err_S=1.091875E-03 err_SS=1.330438E-03
[2024-08-26 15:50:55.216] [bm] [info] main: sampleN20 iter=39900 err_S=6.505622E-04 err_SS=1.008934E-03
[2024-08-26 15:51:43.192] [bm] [info] main: sampleN20 iter=40000 err_S=1.033052E-03 err_SS=1.319973E-03
[2024-08-26 15:52:31.392] [bm] [info] main: sampleN20 iter=40100 err_S=1.056198E-03 err_SS=1.352922E-03
[2024-08-26 15:53:19.444] [bm] [info] main: sampleN20 iter=40200 err_S=8.821591E-04 err_SS=1.294732E-03
[2024-08-26 15:54:07.530] [bm] [info] main: sampleN20 iter=40300 err_S=9.660849E-04 err_SS=1.338481E-03
[2024-08-26 15:54:55.522] [bm] [info] main: sampleN20 iter=40400 err_S=1.534495E-03 err_SS=1.841593E-03
[2024-08-26 15:55:43.564] [bm] [info] main: sampleN20 iter=40500 err_S=1.060040E-03 err_SS=1.321697E-03
[2024-08-26 15:56:31.776] [bm] [info] main: sampleN20 iter=40600 err_S=8.463968E-04 err_SS=1.127254E-03
[2024-08-26 15:57:19.830] [bm] [info] main: sampleN20 iter=40700 err_S=1.302302E-03 err_SS=1.562431E-03
[2024-08-26 15:58:07.976] [bm] [info] main: sampleN20 iter=40800 err_S=1.424651E-03 err_SS=1.973659E-03
[2024-08-26 15:58:56.094] [bm] [info] main: sampleN20 iter=40900 err_S=8.833843E-04 err_SS=1.152534E-03
[2024-08-26 15:59:44.195] [bm] [info] main: sampleN20 iter=41000 err_S=9.166493E-04 err_SS=1.205141E-03
[2024-08-26 16:00:32.414] [bm] [info] main: sampleN20 iter=41100 err_S=1.269638E-03 err_SS=1.656582E-03
[2024-08-26 16:01:20.377] [bm] [info] main: sampleN20 iter=41200 err_S=1.135565E-03 err_SS=1.350496E-03
[2024-08-26 16:02:08.573] [bm] [info] main: sampleN20 iter=41300 err_S=1.070797E-03 err_SS=1.392194E-03
[2024-08-26 16:02:56.701] [bm] [info] main: sampleN20 iter=41400 err_S=1.348266E-03 err_SS=1.845665E-03
[2024-08-26 16:03:44.730] [bm] [info] main: sampleN20 iter=41500 err_S=1.019515E-03 err_SS=1.269223E-03
[2024-08-26 16:04:32.948] [bm] [info] main: sampleN20 iter=41600 err_S=8.481048E-04 err_SS=1.120221E-03
[2024-08-26 16:05:20.945] [bm] [info] main: sampleN20 iter=41700 err_S=1.073185E-03 err_SS=1.496828E-03
[2024-08-26 16:06:09.191] [bm] [info] main: sampleN20 iter=41800 err_S=1.065512E-03 err_SS=1.491033E-03
[2024-08-26 16:06:57.349] [bm] [info] main: sampleN20 iter=41900 err_S=1.420644E-03 err_SS=1.746070E-03
[2024-08-26 16:07:45.401] [bm] [info] main: sampleN20 iter=42000 err_S=9.769171E-04 err_SS=1.257859E-03
[2024-08-26 16:08:33.553] [bm] [info] main: sampleN20 iter=42100 err_S=1.151744E-03 err_SS=1.428279E-03
[2024-08-26 16:09:21.599] [bm] [info] main: sampleN20 iter=42200 err_S=1.350133E-03 err_SS=1.761618E-03
[2024-08-26 16:10:09.781] [bm] [info] main: sampleN20 iter=42300 err_S=1.009115E-03 err_SS=1.254392E-03
[2024-08-26 16:10:57.898] [bm] [info] main: sampleN20 iter=42400 err_S=9.609469E-04 err_SS=1.142420E-03
[2024-08-26 16:11:45.962] [bm] [info] main: sampleN20 iter=42500 err_S=1.078567E-03 err_SS=1.294402E-03
[2024-08-26 16:12:34.180] [bm] [info] main: sampleN20 iter=42600 err_S=7.754091E-04 err_SS=8.680471E-04
[2024-08-26 16:13:22.368] [bm] [info] main: sampleN20 iter=42700 err_S=8.585186E-04 err_SS=1.162630E-03
[2024-08-26 16:14:10.551] [bm] [info] main: sampleN20 iter=42800 err_S=1.065510E-03 err_SS=1.295758E-03
[2024-08-26 16:14:58.746] [bm] [info] main: sampleN20 iter=42900 err_S=9.528732E-04 err_SS=1.269049E-03
[2024-08-26 16:15:47.032] [bm] [info] main: sampleN20 iter=43000 err_S=1.432076E-03 err_SS=1.968939E-03
[2024-08-26 16:16:35.125] [bm] [info] main: sampleN20 iter=43100 err_S=8.677475E-04 err_SS=1.246198E-03
[2024-08-26 16:17:23.302] [bm] [info] main: sampleN20 iter=43200 err_S=1.051237E-03 err_SS=1.369932E-03
[2024-08-26 16:18:11.361] [bm] [info] main: sampleN20 iter=43300 err_S=1.019656E-03 err_SS=1.308185E-03
[2024-08-26 16:18:59.551] [bm] [info] main: sampleN20 iter=43400 err_S=1.198359E-03 err_SS=1.473106E-03
[2024-08-26 16:19:47.802] [bm] [info] main: sampleN20 iter=43500 err_S=8.878331E-04 err_SS=1.240995E-03
[2024-08-26 16:20:35.894] [bm] [info] main: sampleN20 iter=43600 err_S=7.120538E-04 err_SS=1.037407E-03
[2024-08-26 16:21:24.074] [bm] [info] main: sampleN20 iter=43700 err_S=9.820866E-04 err_SS=1.263002E-03
[2024-08-26 16:22:12.130] [bm] [info] main: sampleN20 iter=43800 err_S=1.020650E-03 err_SS=1.248055E-03
[2024-08-26 16:23:00.073] [bm] [info] main: sampleN20 iter=43900 err_S=9.872906E-04 err_SS=1.182896E-03
[2024-08-26 16:23:48.081] [bm] [info] main: sampleN20 iter=44000 err_S=1.039833E-03 err_SS=1.350241E-03
[2024-08-26 16:24:36.021] [bm] [info] main: sampleN20 iter=44100 err_S=1.140350E-03 err_SS=1.593655E-03
[2024-08-26 16:25:24.125] [bm] [info] main: sampleN20 iter=44200 err_S=1.243683E-03 err_SS=1.493099E-03
[2024-08-26 16:26:12.085] [bm] [info] main: sampleN20 iter=44300 err_S=8.800481E-04 err_SS=1.211334E-03
[2024-08-26 16:27:00.118] [bm] [info] main: sampleN20 iter=44400 err_S=9.474559E-04 err_SS=1.309368E-03
[2024-08-26 16:27:47.987] [bm] [info] main: sampleN20 iter=44500 err_S=8.427934E-04 err_SS=1.126725E-03
[2024-08-26 16:28:35.948] [bm] [info] main: sampleN20 iter=44600 err_S=1.243875E-03 err_SS=1.795942E-03
[2024-08-26 16:29:24.046] [bm] [info] main: sampleN20 iter=44700 err_S=8.420658E-04 err_SS=1.105794E-03
[2024-08-26 16:30:11.886] [bm] [info] main: sampleN20 iter=44800 err_S=1.159494E-03 err_SS=1.571505E-03
[2024-08-26 16:30:59.935] [bm] [info] main: sampleN20 iter=44900 err_S=1.003868E-03 err_SS=1.294043E-03
[2024-08-26 16:31:47.984] [bm] [info] main: sampleN20 iter=45000 err_S=1.099513E-03 err_SS=1.422311E-03
[2024-08-26 16:32:35.944] [bm] [info] main: sampleN20 iter=45100 err_S=1.051271E-03 err_SS=1.378927E-03
[2024-08-26 16:33:24.067] [bm] [info] main: sampleN20 iter=45200 err_S=1.269459E-03 err_SS=1.561165E-03
[2024-08-26 16:34:12.019] [bm] [info] main: sampleN20 iter=45300 err_S=1.360727E-03 err_SS=1.652045E-03
[2024-08-26 16:35:00.046] [bm] [info] main: sampleN20 iter=45400 err_S=1.170279E-03 err_SS=1.587376E-03
[2024-08-26 16:35:48.166] [bm] [info] main: sampleN20 iter=45500 err_S=1.280840E-03 err_SS=1.642379E-03
[2024-08-26 16:36:36.140] [bm] [info] main: sampleN20 iter=45600 err_S=1.179987E-03 err_SS=1.639971E-03
[2024-08-26 16:37:24.133] [bm] [info] main: sampleN20 iter=45700 err_S=1.153217E-03 err_SS=1.461556E-03
[2024-08-26 16:38:12.183] [bm] [info] main: sampleN20 iter=45800 err_S=6.619565E-04 err_SS=9.338218E-04
[2024-08-26 16:39:00.250] [bm] [info] main: sampleN20 iter=45900 err_S=1.168921E-03 err_SS=1.485997E-03
[2024-08-26 16:39:48.198] [bm] [info] main: sampleN20 iter=46000 err_S=1.068883E-03 err_SS=1.322656E-03
[2024-08-26 16:40:36.160] [bm] [info] main: sampleN20 iter=46100 err_S=1.272760E-03 err_SS=1.599130E-03
[2024-08-26 16:41:24.285] [bm] [info] main: sampleN20 iter=46200 err_S=9.679377E-04 err_SS=1.241179E-03
[2024-08-26 16:42:12.282] [bm] [info] main: sampleN20 iter=46300 err_S=9.986076E-04 err_SS=1.298477E-03
[2024-08-26 16:43:00.424] [bm] [info] main: sampleN20 iter=46400 err_S=5.853978E-04 err_SS=8.100740E-04
[2024-08-26 16:43:48.374] [bm] [info] main: sampleN20 iter=46500 err_S=1.066813E-03 err_SS=1.412382E-03
[2024-08-26 16:44:36.326] [bm] [info] main: sampleN20 iter=46600 err_S=1.105947E-03 err_SS=1.237251E-03
[2024-08-26 16:45:24.435] [bm] [info] main: sampleN20 iter=46700 err_S=9.980979E-04 err_SS=1.247633E-03
[2024-08-26 16:46:12.444] [bm] [info] main: sampleN20 iter=46800 err_S=9.919109E-04 err_SS=1.171179E-03
[2024-08-26 16:47:00.517] [bm] [info] main: sampleN20 iter=46900 err_S=1.074386E-03 err_SS=1.563307E-03
[2024-08-26 16:47:48.621] [bm] [info] main: sampleN20 iter=47000 err_S=1.639988E-03 err_SS=2.315189E-03
[2024-08-26 16:48:36.568] [bm] [info] main: sampleN20 iter=47100 err_S=8.812575E-04 err_SS=1.124858E-03
[2024-08-26 16:49:24.696] [bm] [info] main: sampleN20 iter=47200 err_S=1.008218E-03 err_SS=1.493909E-03
[2024-08-26 16:50:12.704] [bm] [info] main: sampleN20 iter=47300 err_S=1.213423E-03 err_SS=1.449718E-03
[2024-08-26 16:51:00.743] [bm] [info] main: sampleN20 iter=47400 err_S=1.121545E-03 err_SS=1.381821E-03
[2024-08-26 16:51:48.787] [bm] [info] main: sampleN20 iter=47500 err_S=1.181838E-03 err_SS=1.695532E-03
[2024-08-26 16:52:36.763] [bm] [info] main: sampleN20 iter=47600 err_S=1.226753E-03 err_SS=1.725000E-03
[2024-08-26 16:53:24.876] [bm] [info] main: sampleN20 iter=47700 err_S=1.327838E-03 err_SS=1.580428E-03
[2024-08-26 16:54:12.807] [bm] [info] main: sampleN20 iter=47800 err_S=1.023821E-03 err_SS=1.277535E-03
[2024-08-26 16:55:00.944] [bm] [info] main: sampleN20 iter=47900 err_S=1.008174E-03 err_SS=1.202899E-03
[2024-08-26 16:55:48.981] [bm] [info] main: sampleN20 iter=48000 err_S=5.480487E-04 err_SS=9.001566E-04
[2024-08-26 16:56:36.940] [bm] [info] main: sampleN20 iter=48100 err_S=1.128188E-03 err_SS=1.415910E-03
[2024-08-26 16:57:24.783] [bm] [info] main: sampleN20 iter=48200 err_S=8.760217E-04 err_SS=1.095528E-03
[2024-08-26 16:58:12.852] [bm] [info] main: sampleN20 iter=48300 err_S=1.016059E-03 err_SS=1.384521E-03
[2024-08-26 16:59:01.010] [bm] [info] main: sampleN20 iter=48400 err_S=1.291357E-03 err_SS=1.769474E-03
[2024-08-26 16:59:49.034] [bm] [info] main: sampleN20 iter=48500 err_S=9.366266E-04 err_SS=1.171701E-03
[2024-08-26 17:00:36.998] [bm] [info] main: sampleN20 iter=48600 err_S=1.013213E-03 err_SS=1.285208E-03
[2024-08-26 17:01:25.072] [bm] [info] main: sampleN20 iter=48700 err_S=9.043947E-04 err_SS=1.101922E-03
[2024-08-26 17:02:12.874] [bm] [info] main: sampleN20 iter=48800 err_S=1.168675E-03 err_SS=1.438495E-03
[2024-08-26 17:03:01.020] [bm] [info] main: sampleN20 iter=48900 err_S=6.692156E-04 err_SS=9.256966E-04
[2024-08-26 17:03:48.905] [bm] [info] main: sampleN20 iter=49000 err_S=8.842560E-04 err_SS=1.111438E-03
[2024-08-26 17:04:36.952] [bm] [info] main: sampleN20 iter=49100 err_S=7.921969E-04 err_SS=9.960341E-04
[2024-08-26 17:05:25.053] [bm] [info] main: sampleN20 iter=49200 err_S=1.262723E-03 err_SS=1.483133E-03
[2024-08-26 17:06:13.041] [bm] [info] main: sampleN20 iter=49300 err_S=9.155428E-04 err_SS=1.236007E-03
[2024-08-26 17:07:01.005] [bm] [info] main: sampleN20 iter=49400 err_S=1.017933E-03 err_SS=1.475809E-03
[2024-08-26 17:07:49.072] [bm] [info] main: sampleN20 iter=49500 err_S=1.303064E-03 err_SS=1.703115E-03
[2024-08-26 17:08:36.903] [bm] [info] main: sampleN20 iter=49600 err_S=1.373841E-03 err_SS=1.637913E-03
[2024-08-26 17:09:24.708] [bm] [info] main: sampleN20 iter=49700 err_S=6.748130E-04 err_SS=9.229694E-04
[2024-08-26 17:10:12.552] [bm] [info] main: sampleN20 iter=49800 err_S=9.598191E-04 err_SS=1.266266E-03
[2024-08-26 17:11:01.212] [bm] [info] main: sampleN20 iter=49900 err_S=9.537601E-04 err_SS=1.227770E-03
[2024-08-26 17:11:50.048] [bm] [info] main: sampleN20 iter=50000 err_S=1.215329E-03 err_SS=1.374571E-03
[2024-08-26 17:12:38.987] [bm] [info] main: sampleN20 iter=50100 err_S=1.461804E-03 err_SS=1.762888E-03
[2024-08-26 17:13:27.584] [bm] [info] main: sampleN20 iter=50200 err_S=8.232758E-04 err_SS=1.125705E-03
[2024-08-26 17:14:16.523] [bm] [info] main: sampleN20 iter=50300 err_S=1.421674E-03 err_SS=1.871007E-03
[2024-08-26 17:15:05.245] [bm] [info] main: sampleN20 iter=50400 err_S=1.258405E-03 err_SS=1.483170E-03
[2024-08-26 17:15:54.191] [bm] [info] main: sampleN20 iter=50500 err_S=1.026170E-03 err_SS=1.419088E-03
[2024-08-26 17:16:42.937] [bm] [info] main: sampleN20 iter=50600 err_S=1.304231E-03 err_SS=1.488289E-03
[2024-08-26 17:17:31.675] [bm] [info] main: sampleN20 iter=50700 err_S=1.659311E-03 err_SS=2.003967E-03
[2024-08-26 17:18:20.189] [bm] [info] main: sampleN20 iter=50800 err_S=9.435436E-04 err_SS=1.229401E-03
[2024-08-26 17:19:08.702] [bm] [info] main: sampleN20 iter=50900 err_S=1.027713E-03 err_SS=1.294830E-03
[2024-08-26 17:19:57.218] [bm] [info] main: sampleN20 iter=51000 err_S=7.541896E-04 err_SS=1.013427E-03
[2024-08-26 17:20:45.863] [bm] [info] main: sampleN20 iter=51100 err_S=1.014605E-03 err_SS=1.264240E-03
[2024-08-26 17:21:34.539] [bm] [info] main: sampleN20 iter=51200 err_S=1.412133E-03 err_SS=1.781223E-03
[2024-08-26 17:22:23.145] [bm] [info] main: sampleN20 iter=51300 err_S=1.104138E-03 err_SS=1.387726E-03
[2024-08-26 17:23:11.963] [bm] [info] main: sampleN20 iter=51400 err_S=1.124722E-03 err_SS=1.411168E-03
[2024-08-26 17:24:01.004] [bm] [info] main: sampleN20 iter=51500 err_S=9.403194E-04 err_SS=1.286831E-03
[2024-08-26 17:24:49.910] [bm] [info] main: sampleN20 iter=51600 err_S=1.308433E-03 err_SS=1.596979E-03
[2024-08-26 17:25:38.663] [bm] [info] main: sampleN20 iter=51700 err_S=1.142031E-03 err_SS=1.439535E-03
[2024-08-26 17:26:27.375] [bm] [info] main: sampleN20 iter=51800 err_S=1.329510E-03 err_SS=1.625334E-03
[2024-08-26 17:27:16.026] [bm] [info] main: sampleN20 iter=51900 err_S=1.035012E-03 err_SS=1.332521E-03
[2024-08-26 17:28:04.667] [bm] [info] main: sampleN20 iter=52000 err_S=9.972716E-04 err_SS=1.305443E-03
[2024-08-26 17:28:53.107] [bm] [info] main: sampleN20 iter=52100 err_S=9.279109E-04 err_SS=1.218650E-03
[2024-08-26 17:29:41.758] [bm] [info] main: sampleN20 iter=52200 err_S=9.309089E-04 err_SS=1.285897E-03
[2024-08-26 17:30:30.388] [bm] [info] main: sampleN20 iter=52300 err_S=1.136824E-03 err_SS=1.428723E-03
[2024-08-26 17:31:19.173] [bm] [info] main: sampleN20 iter=52400 err_S=1.341675E-03 err_SS=1.632707E-03
[2024-08-26 17:32:07.901] [bm] [info] main: sampleN20 iter=52500 err_S=1.360281E-03 err_SS=1.585233E-03
[2024-08-26 17:32:56.547] [bm] [info] main: sampleN20 iter=52600 err_S=1.046410E-03 err_SS=1.317267E-03
[2024-08-26 17:33:45.182] [bm] [info] main: sampleN20 iter=52700 err_S=8.222686E-04 err_SS=1.153723E-03
[2024-08-26 17:34:33.784] [bm] [info] main: sampleN20 iter=52800 err_S=1.020008E-03 err_SS=1.429942E-03
[2024-08-26 17:35:22.398] [bm] [info] main: sampleN20 iter=52900 err_S=8.996242E-04 err_SS=1.134462E-03
[2024-08-26 17:36:11.012] [bm] [info] main: sampleN20 iter=53000 err_S=8.989668E-04 err_SS=1.145273E-03
[2024-08-26 17:36:59.662] [bm] [info] main: sampleN20 iter=53100 err_S=1.063197E-03 err_SS=1.350822E-03
[2024-08-26 17:37:48.557] [bm] [info] main: sampleN20 iter=53200 err_S=1.092678E-03 err_SS=1.394872E-03
[2024-08-26 17:38:37.314] [bm] [info] main: sampleN20 iter=53300 err_S=8.885563E-04 err_SS=1.091097E-03
[2024-08-26 17:39:26.205] [bm] [info] main: sampleN20 iter=53400 err_S=1.096592E-03 err_SS=1.388463E-03
[2024-08-26 17:40:15.128] [bm] [info] main: sampleN20 iter=53500 err_S=1.122112E-03 err_SS=1.508260E-03
[2024-08-26 17:41:04.006] [bm] [info] main: sampleN20 iter=53600 err_S=1.044970E-03 err_SS=1.385623E-03
[2024-08-26 17:41:52.905] [bm] [info] main: sampleN20 iter=53700 err_S=1.426506E-03 err_SS=1.865526E-03
[2024-08-26 17:42:41.722] [bm] [info] main: sampleN20 iter=53800 err_S=1.139497E-03 err_SS=1.403087E-03
[2024-08-26 17:43:30.705] [bm] [info] main: sampleN20 iter=53900 err_S=8.940188E-04 err_SS=1.343390E-03
[2024-08-26 17:44:19.482] [bm] [info] main: sampleN20 iter=54000 err_S=7.814320E-04 err_SS=1.093043E-03
[2024-08-26 17:45:08.129] [bm] [info] main: sampleN20 iter=54100 err_S=1.146866E-03 err_SS=1.606232E-03
[2024-08-26 17:45:56.736] [bm] [info] main: sampleN20 iter=54200 err_S=6.554967E-04 err_SS=9.423190E-04
[2024-08-26 17:46:45.375] [bm] [info] main: sampleN20 iter=54300 err_S=9.303796E-04 err_SS=1.196337E-03
[2024-08-26 17:47:34.000] [bm] [info] main: sampleN20 iter=54400 err_S=1.237101E-03 err_SS=1.516334E-03
[2024-08-26 17:48:22.666] [bm] [info] main: sampleN20 iter=54500 err_S=1.150481E-03 err_SS=1.451699E-03
[2024-08-26 17:49:11.312] [bm] [info] main: sampleN20 iter=54600 err_S=1.211323E-03 err_SS=1.470902E-03
[2024-08-26 17:49:59.991] [bm] [info] main: sampleN20 iter=54700 err_S=9.359220E-04 err_SS=1.168088E-03
[2024-08-26 17:50:48.631] [bm] [info] main: sampleN20 iter=54800 err_S=1.068534E-03 err_SS=1.354879E-03
[2024-08-26 17:51:37.312] [bm] [info] main: sampleN20 iter=54900 err_S=9.847190E-04 err_SS=1.274993E-03
[2024-08-26 17:52:25.974] [bm] [info] main: sampleN20 iter=55000 err_S=1.198007E-03 err_SS=1.553751E-03
[2024-08-26 17:53:14.638] [bm] [info] main: sampleN20 iter=55100 err_S=7.359960E-04 err_SS=1.014072E-03
[2024-08-26 17:54:03.230] [bm] [info] main: sampleN20 iter=55200 err_S=1.106347E-03 err_SS=1.518703E-03
[2024-08-26 17:54:51.906] [bm] [info] main: sampleN20 iter=55300 err_S=1.181049E-03 err_SS=1.558829E-03
[2024-08-26 17:55:40.533] [bm] [info] main: sampleN20 iter=55400 err_S=1.115998E-03 err_SS=1.422027E-03
[2024-08-26 17:56:29.183] [bm] [info] main: sampleN20 iter=55500 err_S=1.169751E-03 err_SS=1.469878E-03
[2024-08-26 17:57:17.828] [bm] [info] main: sampleN20 iter=55600 err_S=8.854095E-04 err_SS=1.185970E-03
[2024-08-26 17:58:06.485] [bm] [info] main: sampleN20 iter=55700 err_S=8.331516E-04 err_SS=1.070800E-03
[2024-08-26 17:58:55.109] [bm] [info] main: sampleN20 iter=55800 err_S=1.011063E-03 err_SS=1.304321E-03
[2024-08-26 17:59:43.755] [bm] [info] main: sampleN20 iter=55900 err_S=1.239639E-03 err_SS=1.590854E-03
[2024-08-26 18:00:32.382] [bm] [info] main: sampleN20 iter=56000 err_S=1.057836E-03 err_SS=1.392486E-03
[2024-08-26 18:01:21.196] [bm] [info] main: sampleN20 iter=56100 err_S=1.304227E-03 err_SS=1.545317E-03
[2024-08-26 18:02:10.176] [bm] [info] main: sampleN20 iter=56200 err_S=1.245221E-03 err_SS=1.571123E-03
[2024-08-26 18:02:59.087] [bm] [info] main: sampleN20 iter=56300 err_S=9.182829E-04 err_SS=1.259008E-03
[2024-08-26 18:03:48.046] [bm] [info] main: sampleN20 iter=56400 err_S=8.961908E-04 err_SS=1.243561E-03
[2024-08-26 18:04:36.910] [bm] [info] main: sampleN20 iter=56500 err_S=8.974426E-04 err_SS=1.425157E-03
[2024-08-26 18:05:25.890] [bm] [info] main: sampleN20 iter=56600 err_S=1.200679E-03 err_SS=1.509623E-03
[2024-08-26 18:06:14.732] [bm] [info] main: sampleN20 iter=56700 err_S=1.283957E-03 err_SS=1.678782E-03
[2024-08-26 18:07:03.709] [bm] [info] main: sampleN20 iter=56800 err_S=1.150343E-03 err_SS=1.473542E-03
[2024-08-26 18:07:13.027] [bm] [info] main: sampleN20 iter=56819 err_S=4.720152E-04 err_SS=7.004719E-04
[2024-08-26 18:07:13.694] [bm] [info] wrote to ../Results_Metropolis/sampleN20_j_min_7.05e-04_h_min_5.80e-04_t_eq_3000.json
