[2024-05-13 14:11:58.774] [bm] [info] Params: run_name          RandomLaser
[2024-05-13 14:11:58.774] [bm] [info] Params: input_data        ./Data/dataTeste.dat
[2024-05-13 14:11:58.774] [bm] [info] Params: input_init_guess  ./Results/RandomLaser
[2024-05-13 14:11:58.774] [bm] [info] Params: output_data       ./Results/RandomLaser.json
[2024-05-13 14:11:58.774] [bm] [info] Params: output_err        ./Results/err_RandomLaser.csv
[2024-05-13 14:11:58.774] [bm] [info] Params: use_exact         false
[2024-05-13 14:11:58.774] [bm] [info] Params: iter_display      100
[2024-05-13 14:11:58.774] [bm] [info] Params: iter_max          100000
[2024-05-13 14:11:58.774] [bm] [info] Params: eta_J             0.5
[2024-05-13 14:11:58.774] [bm] [info] Params: eta_h             1
[2024-05-13 14:11:58.774] [bm] [info] Params: min_err_S         0.001
[2024-05-13 14:11:58.774] [bm] [info] Params: min_err_SS        1e-06
[2024-05-13 14:11:58.774] [bm] [info] Params: n_rep             50
[2024-05-13 14:11:58.774] [bm] [info] Params: t_eq              3000
[2024-05-13 14:11:58.774] [bm] [info] Params: t_meas            150000
[2024-05-13 14:11:58.776] [bm] [info] read_tidy_data: read from ./Data/dataTeste.dat
[2024-05-13 14:11:58.776] [bm] [info] read_tidy_data: n_spins: 57, n_samples: 10000
[2024-05-13 14:11:59.611] [bm] [info] main: using metropolis
[2024-05-13 14:12:45.752] [bm] [info] main: RandomLaser iter=73 err_S=0.000948 err_SS=0.000000
[2024-05-13 14:12:47.447] [bm] [info] wrote to ./Results/RandomLaser.json
